Determining if the pthread_create exist failed with the following output:
Change Dir: /home/edgar/zed-yolo/zed_cpp_sample/build/CMakeFiles/CMakeTmp

Run Build Command:"/usr/bin/make" "cmTC_84068/fast"
/usr/bin/make -f CMakeFiles/cmTC_84068.dir/build.make CMakeFiles/cmTC_84068.dir/build
make[1]: Entering directory '/home/edgar/zed-yolo/zed_cpp_sample/build/CMakeFiles/CMakeTmp'
Building C object CMakeFiles/cmTC_84068.dir/CheckSymbolExists.c.o
/usr/bin/cc    -fPIC    -o CMakeFiles/cmTC_84068.dir/CheckSymbolExists.c.o   -c /home/edgar/zed-yolo/zed_cpp_sample/build/CMakeFiles/CMakeTmp/CheckSymbolExists.c
Linking C executable cmTC_84068
/usr/bin/cmake -E cmake_link_script CMakeFiles/cmTC_84068.dir/link.txt --verbose=1
/usr/bin/cc  -fPIC     CMakeFiles/cmTC_84068.dir/CheckSymbolExists.c.o  -o cmTC_84068 -rdynamic 
CMakeFiles/cmTC_84068.dir/CheckSymbolExists.c.o: In function `main':
CheckSymbolExists.c:(.text+0x1b): undefined reference to `pthread_create'
collect2: error: ld returned 1 exit status
CMakeFiles/cmTC_84068.dir/build.make:97: recipe for target 'cmTC_84068' failed
make[1]: *** [cmTC_84068] Error 1
make[1]: Leaving directory '/home/edgar/zed-yolo/zed_cpp_sample/build/CMakeFiles/CMakeTmp'
Makefile:126: recipe for target 'cmTC_84068/fast' failed
make: *** [cmTC_84068/fast] Error 2

File /home/edgar/zed-yolo/zed_cpp_sample/build/CMakeFiles/CMakeTmp/CheckSymbolExists.c:
/* */
#include <pthread.h>

int main(int argc, char** argv)
{
  (void)argv;
#ifndef pthread_create
  return ((int*)(&pthread_create))[argc];
#else
  (void)argc;
  return 0;
#endif
}

Determining if the function pthread_create exists in the pthreads failed with the following output:
Change Dir: /home/edgar/zed-yolo/zed_cpp_sample/build/CMakeFiles/CMakeTmp

Run Build Command:"/usr/bin/make" "cmTC_bdcd6/fast"
/usr/bin/make -f CMakeFiles/cmTC_bdcd6.dir/build.make CMakeFiles/cmTC_bdcd6.dir/build
make[1]: Entering directory '/home/edgar/zed-yolo/zed_cpp_sample/build/CMakeFiles/CMakeTmp'
Building C object CMakeFiles/cmTC_bdcd6.dir/CheckFunctionExists.c.o
/usr/bin/cc    -fPIC -DCHECK_FUNCTION_EXISTS=pthread_create   -o CMakeFiles/cmTC_bdcd6.dir/CheckFunctionExists.c.o   -c /usr/share/cmake-3.5/Modules/CheckFunctionExists.c
Linking C executable cmTC_bdcd6
/usr/bin/cmake -E cmake_link_script CMakeFiles/cmTC_bdcd6.dir/link.txt --verbose=1
/usr/bin/cc  -fPIC -DCHECK_FUNCTION_EXISTS=pthread_create    CMakeFiles/cmTC_bdcd6.dir/CheckFunctionExists.c.o  -o cmTC_bdcd6 -rdynamic -lpthreads 
/usr/bin/ld: cannot find -lpthreads
collect2: error: ld returned 1 exit status
CMakeFiles/cmTC_bdcd6.dir/build.make:97: recipe for target 'cmTC_bdcd6' failed
make[1]: *** [cmTC_bdcd6] Error 1
make[1]: Leaving directory '/home/edgar/zed-yolo/zed_cpp_sample/build/CMakeFiles/CMakeTmp'
Makefile:126: recipe for target 'cmTC_bdcd6/fast' failed
make: *** [cmTC_bdcd6/fast] Error 2


